2026-06-11 20:53:47.228+0000 INFO  Logging config in use: File '/var/lib/neo4j/conf/user-logs.xml'
2026-06-11 20:53:47.240+0000 INFO  Starting...
2026-06-11 20:53:47.788+0000 INFO  This instance is ServerId{01d61d00} (01d61d00-82a3-4aa6-9e5e-b5bcfed4dabf)
2026-06-11 20:53:48.598+0000 INFO  ======== Neo4j 2026.05.0 ========
2026-06-11 20:53:48.907+0000 INFO  X-Forward header processing enabled with security controls
2026-06-11 20:53:48.908+0000 WARN  SECURITY WARNING: X-Forward headers accepted from any source - configure allow_proxies
2026-06-11 20:53:48.909+0000 WARN  SECURITY WARNING: X-Forward headers accept any hostname - configure allow_hosts
2026-06-11 20:54:10.803+0000 INFO  Anonymous Usage Data is being sent to Neo4j, see https://neo4j.com/docs/usage-data/
2026-06-11 20:54:11.805+0000 INFO  This server has built-in support for online monitoring through Fleet Manager. Visit https://console.neo4j.io to get started!
2026-06-11 20:54:29.875+0000 INFO  Bolt enabled on 0.0.0.0:7687.
2026-06-11 20:54:29.887+0000 INFO  Fleet discovery broadcasts have been enabled for 1 network: 172.18.255.255
2026-06-11 20:54:30.916+0000 INFO  HTTP enabled on 0.0.0.0:7474.
2026-06-11 20:54:30.917+0000 INFO  Remote interface available at http://localhost:7474/
2026-06-11 20:54:30.920+0000 INFO  id: C6152D33D255536BA17ED14C2FE2E3FCA1D7A45A02A12A71D1EDFE3BC7FC5DBE
2026-06-11 20:54:30.921+0000 INFO  name: system
2026-06-11 20:54:30.922+0000 INFO  creationDate: 2026-06-11T20:53:49.289Z
2026-06-11 20:54:30.923+0000 INFO  Started.
2026-06-14 14:25:19.805+0000 WARN  [bolt-35] Unsupported authentication token, missing key `scheme`
2026-06-15 07:25:58.859+0000 INFO  Logging config in use: File '/var/lib/neo4j/conf/user-logs.xml'
2026-06-15 07:25:58.875+0000 INFO  Starting...
2026-06-15 07:25:59.615+0000 INFO  This instance is ServerId{01d61d00} (01d61d00-82a3-4aa6-9e5e-b5bcfed4dabf)
2026-06-15 07:26:00.677+0000 INFO  ======== Neo4j 2026.05.0 ========
2026-06-15 07:26:01.067+0000 INFO  X-Forward header processing enabled with security controls
2026-06-15 07:26:01.068+0000 WARN  SECURITY WARNING: X-Forward headers accepted from any source - configure allow_proxies
2026-06-15 07:26:01.069+0000 WARN  SECURITY WARNING: X-Forward headers accept any hostname - configure allow_hosts
2026-06-15 07:26:02.594+0000 INFO  Anonymous Usage Data is being sent to Neo4j, see https://neo4j.com/docs/usage-data/
2026-06-15 07:26:03.596+0000 INFO  This server has built-in support for online monitoring through Fleet Manager. Visit https://console.neo4j.io to get started!
2026-06-15 07:26:05.710+0000 INFO  Bolt enabled on 0.0.0.0:7687.
2026-06-15 07:26:05.719+0000 INFO  Fleet discovery broadcasts have been enabled for 1 network: 172.18.255.255
2026-06-15 07:26:06.765+0000 INFO  HTTP enabled on 0.0.0.0:7474.
2026-06-15 07:26:06.767+0000 INFO  Remote interface available at http://localhost:7474/
2026-06-15 07:26:06.770+0000 INFO  id: C6152D33D255536BA17ED14C2FE2E3FCA1D7A45A02A12A71D1EDFE3BC7FC5DBE
2026-06-15 07:26:06.771+0000 INFO  name: system
2026-06-15 07:26:06.772+0000 INFO  creationDate: 2026-06-11T20:53:49.289Z
2026-06-15 07:26:06.773+0000 INFO  Started.
